This file contains any messages produced by compilers while
running configure, to aid debugging if configure makes a mistake.

It was created by libAfterImage configure 1.20, which was
generated by GNU Autoconf 2.59.  Invocation command line was

  $ ./configure 

## --------- ##
## Platform. ##
## --------- ##

hostname = DoesntThinkPad.local
uname -m = i386
uname -r = 10.7.0
uname -s = Darwin
uname -v = Darwin Kernel Version 10.7.0: Sat Jan 29 15:17:16 PST 2011; root:xnu-1504.9.37~1/RELEASE_I386

/usr/bin/uname -p = i386
/bin/uname -X     = unknown

/bin/arch              = unknown
/usr/bin/arch -k       = unknown
/usr/convex/getsysinfo = unknown
hostinfo               = Mach kernel version:
	 Darwin Kernel Version 10.7.0: Sat Jan 29 15:17:16 PST 2011; root:xnu-1504.9.37~1/RELEASE_I386
Kernel configured for up to 2 processors.
2 processors are physically available.
2 processors are logically available.
Processor type: i486 (Intel 80486)
Processors active: 0 1
Primary memory available: 2.00 gigabytes
Default processor set: 73 tasks, 391 threads, 2 processors
Load average: 0.56, Mach factor: 1.42
/bin/machine           = unknown
/usr/bin/oslevel       = unknown
/bin/universe          = unknown

PATH: /opt/local/bin
PATH: /opt/local/sbin
PATH: /usr/bin
PATH: /bin
PATH: /usr/sbin
PATH: /sbin
PATH: /usr/local/bin
PATH: /usr/X11/bin


## ----------- ##
## Core tests. ##
## ----------- ##

configure:1647: checking for gcc
configure:1663: found /usr/bin/gcc
configure:1673: result: gcc
configure:1917: checking for C compiler version
configure:1920: gcc --version </dev/null >&5
i686-apple-darwin10-llvm-gcc-4.2 (GCC) 4.2.1 (Based on Apple Inc. build 5658) (LLVM build 2336.1.00)
Copyright (C) 2007 Free Software Foundation, Inc.
This is free software; see the source for copying conditions.  There is NO
warranty; not even for MERCHANTABILITY or FITNESS FOR A PARTICULAR PURPOSE.

configure:1923: $? = 0
configure:1925: gcc -v </dev/null >&5
Using built-in specs.
Target: i686-apple-darwin10
Configured with: /private/var/tmp/llvmgcc42/llvmgcc42-2336.1~3/src/configure --disable-checking --enable-werror --prefix=/Developer/usr/llvm-gcc-4.2 --mandir=/Developer/usr/llvm-gcc-4.2/share/man --enable-languages=c,objc,c++,obj-c++ --program-prefix=llvm- --program-transform-name=/^[cg][^.-]*$/s/$/-4.2/ --with-slibdir=/usr/lib --build=i686-apple-darwin10 --enable-llvm=/private/var/tmp/llvmgcc42/llvmgcc42-2336.1~3/dst-llvmCore/Developer/usr/local --with-gxx-include-dir=/usr/include/c++/4.2.1 --host=i686-apple-darwin10 --target=i686-apple-darwin10
Thread model: posix
gcc version 4.2.1 (Based on Apple Inc. build 5658) (LLVM build 2336.1.00)
configure:1928: $? = 0
configure:1930: gcc -V </dev/null >&5
llvm-gcc-4.2: argument to `-V' is missing
configure:1933: $? = 1
configure:1956: checking for C compiler default output file name
configure:1959: gcc    conftest.c  >&5
configure:1962: $? = 0
configure:2008: result: a.out
configure:2013: checking whether the C compiler works
configure:2019: ./a.out
configure:2022: $? = 0
configure:2039: result: yes
configure:2046: checking whether we are cross compiling
configure:2048: result: no
configure:2051: checking for suffix of executables
configure:2053: gcc -o conftest    conftest.c  >&5
configure:2056: $? = 0
configure:2081: result: 
configure:2087: checking for suffix of object files
configure:2108: gcc -c   conftest.c >&5
configure:2111: $? = 0
configure:2133: result: o
configure:2137: checking whether we are using the GNU C compiler
configure:2161: gcc -c   conftest.c >&5
configure:2167: $? = 0
configure:2170: test -z 			 || test ! -s conftest.err
configure:2173: $? = 0
configure:2176: test -s conftest.o
configure:2179: $? = 0
configure:2192: result: yes
configure:2198: checking whether gcc accepts -g
configure:2219: gcc -c -g  conftest.c >&5
configure:2225: $? = 0
configure:2228: test -z 			 || test ! -s conftest.err
configure:2231: $? = 0
configure:2234: test -s conftest.o
configure:2237: $? = 0
configure:2248: result: yes
configure:2265: checking for gcc option to accept ANSI C
configure:2335: gcc  -c -g -O2  conftest.c >&5
configure:2341: $? = 0
configure:2344: test -z 			 || test ! -s conftest.err
configure:2347: $? = 0
configure:2350: test -s conftest.o
configure:2353: $? = 0
configure:2371: result: none needed
configure:2389: gcc -c -g -O2  conftest.c >&5
conftest.c:2: error: expected '=', ',', ';', 'asm' or '__attribute__' before 'me'
configure:2395: $? = 1
configure: failed program was:
| #ifndef __cplusplus
|   choke me
| #endif
configure:2525: checking whether ln -s works
configure:2529: result: yes
configure:2569: checking build system type
configure:2587: result: i686-apple-darwin10.7.0
configure:2595: checking host system type
configure:2609: result: i686-apple-darwin10.7.0
configure:2622: checking target system type
configure:2636: result: i686-apple-darwin10.7.0
configure:2765: checking for a BSD-compatible install
configure:2820: result: /usr/bin/install -c
configure:2878: checking for ranlib
configure:2894: found /usr/bin/ranlib
configure:2905: result: ranlib
configure:2919: checking for rm
configure:2937: found /bin/rm
configure:2950: result: /bin/rm
configure:2959: checking for mv
configure:2977: found /bin/mv
configure:2990: result: /bin/mv
configure:2999: checking for cp
configure:3017: found /bin/cp
configure:3030: result: /bin/cp
configure:3039: checking for mkdir
configure:3057: found /bin/mkdir
configure:3070: result: /bin/mkdir
configure:3079: checking for perl
configure:3097: found /opt/local/bin/perl
configure:3110: result: /opt/local/bin/perl
configure:3119: checking for find
configure:3137: found /usr/bin/find
configure:3150: result: /usr/bin/find
configure:3159: checking for xargs
configure:3177: found /usr/bin/xargs
configure:3190: result: /usr/bin/xargs
configure:3199: checking for ldconfig
configure:3231: result: ldconfig
configure:3255: checking for MMX support
configure:3276: gcc -c -O3 -DNO_DEBUG_OUTPUT -fPIC -Wall -mmmx -Winline --param inline-unit-growth=10000 --param large-function-growth=10000  conftest.c >&5
configure:3282: $? = 0
configure:3285: test -z 			 || test ! -s conftest.err
configure:3288: $? = 0
configure:3291: test -s conftest.o
configure:3294: $? = 0
configure:3304: result: yes
configure:3327: checking how to run the C preprocessor
configure:3362: gcc -E  conftest.c
configure:3368: $? = 0
configure:3400: gcc -E  conftest.c
conftest.c:10:28: error: ac_nonexistent.h: No such file or directory
configure:3406: $? = 1
configure: failed program was:
| /* confdefs.h.  */
| 
| #define PACKAGE_NAME "libAfterImage"
| #define PACKAGE_TARNAME "libAfterImage.tar"
| #define PACKAGE_VERSION "1.20"
| #define PACKAGE_STRING "libAfterImage 1.20"
| #define PACKAGE_BUGREPORT "as-bugs@afterstep.org"
| #define HAVE_MMX 1
| /* end confdefs.h.  */
| #include <ac_nonexistent.h>
configure:3445: result: gcc -E
configure:3469: gcc -E  conftest.c
configure:3475: $? = 0
configure:3507: gcc -E  conftest.c
conftest.c:10:28: error: ac_nonexistent.h: No such file or directory
configure:3513: $? = 1
configure: failed program was:
| /* confdefs.h.  */
| 
| #define PACKAGE_NAME "libAfterImage"
| #define PACKAGE_TARNAME "libAfterImage.tar"
| #define PACKAGE_VERSION "1.20"
| #define PACKAGE_STRING "libAfterImage 1.20"
| #define PACKAGE_BUGREPORT "as-bugs@afterstep.org"
| #define HAVE_MMX 1
| /* end confdefs.h.  */
| #include <ac_nonexistent.h>
configure:3559: checking for X
configure:3665: gcc -E  conftest.c
configure:3671: $? = 0
configure:3721: gcc -o conftest -O3 -DNO_DEBUG_OUTPUT -fPIC -Wall   conftest.c -lX11  >&5
ld: library not found for -lX11
collect2: ld returned 1 exit status
configure:3727: $? = 1
configure: failed program was:
| /* confdefs.h.  */
| 
| #define PACKAGE_NAME "libAfterImage"
| #define PACKAGE_TARNAME "libAfterImage.tar"
| #define PACKAGE_VERSION "1.20"
| #define PACKAGE_STRING "libAfterImage 1.20"
| #define PACKAGE_BUGREPORT "as-bugs@afterstep.org"
| #define HAVE_MMX 1
| /* end confdefs.h.  */
| #include <X11/Xlib.h>
| int
| main ()
| {
| XrmInitialize ()
|   ;
|   return 0;
| }
configure:3779: result: no
configure:5028: checking whether byte ordering is bigendian
configure:5055: gcc -c -O3 -DNO_DEBUG_OUTPUT -fPIC -Wall  conftest.c >&5
configure:5061: $? = 0
configure:5064: test -z 			 || test ! -s conftest.err
configure:5067: $? = 0
configure:5070: test -s conftest.o
configure:5073: $? = 0
configure:5097: gcc -c -O3 -DNO_DEBUG_OUTPUT -fPIC -Wall  conftest.c >&5
conftest.c: In function 'main':
conftest.c:18: error: 'not' undeclared (first use in this function)
conftest.c:18: error: (Each undeclared identifier is reported only once
conftest.c:18: error: for each function it appears in.)
conftest.c:18: error: expected ';' before 'big'
configure:5103: $? = 1
configure: failed program was:
| /* confdefs.h.  */
| 
| #define PACKAGE_NAME "libAfterImage"
| #define PACKAGE_TARNAME "libAfterImage.tar"
| #define PACKAGE_VERSION "1.20"
| #define PACKAGE_STRING "libAfterImage 1.20"
| #define PACKAGE_BUGREPORT "as-bugs@afterstep.org"
| #define HAVE_MMX 1
| #define X_DISPLAY_MISSING 1
| /* end confdefs.h.  */
| #include <sys/types.h>
| #include <sys/param.h>
| 
| int
| main ()
| {
| #if BYTE_ORDER != BIG_ENDIAN
|  not big endian
| #endif
| 
|   ;
|   return 0;
| }
configure:5236: result: no
configure:5255: checking for inline
configure:5276: gcc -c -O3 -DNO_DEBUG_OUTPUT -fPIC -Wall  conftest.c >&5
configure:5282: $? = 0
configure:5285: test -z 			 || test ! -s conftest.err
configure:5288: $? = 0
configure:5291: test -s conftest.o
configure:5294: $? = 0
configure:5306: result: inline
configure:5325: checking for egrep
configure:5335: result: grep -E
configure:5340: checking for ANSI C header files
configure:5365: gcc -c -O3 -DNO_DEBUG_OUTPUT -fPIC -Wall  conftest.c >&5
configure:5371: $? = 0
configure:5374: test -z 			 || test ! -s conftest.err
configure:5377: $? = 0
configure:5380: test -s conftest.o
configure:5383: $? = 0
configure:5472: gcc -o conftest -O3 -DNO_DEBUG_OUTPUT -fPIC -Wall   conftest.c  >&5
conftest.c: In function 'main':
conftest.c:28: warning: implicit declaration of function 'exit'
conftest.c:28: warning: incompatible implicit declaration of built-in function 'exit'
configure:5475: $? = 0
configure:5477: ./conftest
configure:5480: $? = 0
configure:5495: result: yes
configure:5519: checking for sys/types.h
configure:5535: gcc -c -O3 -DNO_DEBUG_OUTPUT -fPIC -Wall  conftest.c >&5
configure:5541: $? = 0
configure:5544: test -z 			 || test ! -s conftest.err
configure:5547: $? = 0
configure:5550: test -s conftest.o
configure:5553: $? = 0
configure:5564: result: yes
configure:5519: checking for sys/stat.h
configure:5535: gcc -c -O3 -DNO_DEBUG_OUTPUT -fPIC -Wall  conftest.c >&5
configure:5541: $? = 0
configure:5544: test -z 			 || test ! -s conftest.err
configure:5547: $? = 0
configure:5550: test -s conftest.o
configure:5553: $? = 0
configure:5564: result: yes
configure:5519: checking for stdlib.h
configure:5535: gcc -c -O3 -DNO_DEBUG_OUTPUT -fPIC -Wall  conftest.c >&5
configure:5541: $? = 0
configure:5544: test -z 			 || test ! -s conftest.err
configure:5547: $? = 0
configure:5550: test -s conftest.o
configure:5553: $? = 0
configure:5564: result: yes
configure:5519: checking for string.h
configure:5535: gcc -c -O3 -DNO_DEBUG_OUTPUT -fPIC -Wall  conftest.c >&5
configure:5541: $? = 0
configure:5544: test -z 			 || test ! -s conftest.err
configure:5547: $? = 0
configure:5550: test -s conftest.o
configure:5553: $? = 0
configure:5564: result: yes
configure:5519: checking for memory.h
configure:5535: gcc -c -O3 -DNO_DEBUG_OUTPUT -fPIC -Wall  conftest.c >&5
configure:5541: $? = 0
configure:5544: test -z 			 || test ! -s conftest.err
configure:5547: $? = 0
configure:5550: test -s conftest.o
configure:5553: $? = 0
configure:5564: result: yes
configure:5519: checking for strings.h
configure:5535: gcc -c -O3 -DNO_DEBUG_OUTPUT -fPIC -Wall  conftest.c >&5
configure:5541: $? = 0
configure:5544: test -z 			 || test ! -s conftest.err
configure:5547: $? = 0
configure:5550: test -s conftest.o
configure:5553: $? = 0
configure:5564: result: yes
configure:5519: checking for inttypes.h
configure:5535: gcc -c -O3 -DNO_DEBUG_OUTPUT -fPIC -Wall  conftest.c >&5
configure:5541: $? = 0
configure:5544: test -z 			 || test ! -s conftest.err
configure:5547: $? = 0
configure:5550: test -s conftest.o
configure:5553: $? = 0
configure:5564: result: yes
configure:5519: checking for stdint.h
configure:5535: gcc -c -O3 -DNO_DEBUG_OUTPUT -fPIC -Wall  conftest.c >&5
configure:5541: $? = 0
configure:5544: test -z 			 || test ! -s conftest.err
configure:5547: $? = 0
configure:5550: test -s conftest.o
configure:5553: $? = 0
configure:5564: result: yes
configure:5519: checking for unistd.h
configure:5535: gcc -c -O3 -DNO_DEBUG_OUTPUT -fPIC -Wall  conftest.c >&5
configure:5541: $? = 0
configure:5544: test -z 			 || test ! -s conftest.err
configure:5547: $? = 0
configure:5550: test -s conftest.o
configure:5553: $? = 0
configure:5564: result: yes
configure:5576: checking for long long
configure:5600: gcc -c -O3 -DNO_DEBUG_OUTPUT -fPIC -Wall  conftest.c >&5
configure:5606: $? = 0
configure:5609: test -z 			 || test ! -s conftest.err
configure:5612: $? = 0
configure:5615: test -s conftest.o
configure:5618: $? = 0
configure:5629: result: yes
configure:5641: checking whether time.h and sys/time.h may both be included
configure:5666: gcc -c -O3 -DNO_DEBUG_OUTPUT -fPIC -Wall  conftest.c >&5
configure:5672: $? = 0
configure:5675: test -z 			 || test ! -s conftest.err
configure:5678: $? = 0
configure:5681: test -s conftest.o
configure:5684: $? = 0
configure:5695: result: yes
configure:5726: checking sys/wait.h usability
configure:5738: gcc -c -O3 -DNO_DEBUG_OUTPUT -fPIC -Wall  conftest.c >&5
configure:5744: $? = 0
configure:5747: test -z 			 || test ! -s conftest.err
configure:5750: $? = 0
configure:5753: test -s conftest.o
configure:5756: $? = 0
configure:5766: result: yes
configure:5770: checking sys/wait.h presence
configure:5780: gcc -E  conftest.c
configure:5786: $? = 0
configure:5806: result: yes
configure:5841: checking for sys/wait.h
configure:5848: result: yes
configure:5726: checking sys/time.h usability
configure:5738: gcc -c -O3 -DNO_DEBUG_OUTPUT -fPIC -Wall  conftest.c >&5
configure:5744: $? = 0
configure:5747: test -z 			 || test ! -s conftest.err
configure:5750: $? = 0
configure:5753: test -s conftest.o
configure:5756: $? = 0
configure:5766: result: yes
configure:5770: checking sys/time.h presence
configure:5780: gcc -E  conftest.c
configure:5786: $? = 0
configure:5806: result: yes
configure:5841: checking for sys/time.h
configure:5848: result: yes
configure:5726: checking malloc.h usability
configure:5738: gcc -c -O3 -DNO_DEBUG_OUTPUT -fPIC -Wall  conftest.c >&5
conftest.c:59:20: error: malloc.h: No such file or directory
configure:5744: $? = 1
configure: failed program was:
| /* confdefs.h.  */
| 
| #define PACKAGE_NAME "libAfterImage"
| #define PACKAGE_TARNAME "libAfterImage.tar"
| #define PACKAGE_VERSION "1.20"
| #define PACKAGE_STRING "libAfterImage 1.20"
| #define PACKAGE_BUGREPORT "as-bugs@afterstep.org"
| #define HAVE_MMX 1
| #define X_DISPLAY_MISSING 1
| #define STDC_HEADERS 1
| #define HAVE_SYS_TYPES_H 1
| #define HAVE_SYS_STAT_H 1
| #define HAVE_STDLIB_H 1
| #define HAVE_STRING_H 1
| #define HAVE_MEMORY_H 1
| #define HAVE_STRINGS_H 1
| #define HAVE_INTTYPES_H 1
| #define HAVE_STDINT_H 1
| #define HAVE_UNISTD_H 1
| #define HAVE_LONG_LONG 1
| #define TIME_WITH_SYS_TIME 1
| #define HAVE_SYS_WAIT_H 1
| #define HAVE_SYS_TIME_H 1
| /* end confdefs.h.  */
| #include <stdio.h>
| #if HAVE_SYS_TYPES_H
| # include <sys/types.h>
| #endif
| #if HAVE_SYS_STAT_H
| # include <sys/stat.h>
| #endif
| #if STDC_HEADERS
| # include <stdlib.h>
| # include <stddef.h>
| #else
| # if HAVE_STDLIB_H
| #  include <stdlib.h>
| # endif
| #endif
| #if HAVE_STRING_H
| # if !STDC_HEADERS && HAVE_MEMORY_H
| #  include <memory.h>
| # endif
| # include <string.h>
| #endif
| #if HAVE_STRINGS_H
| # include <strings.h>
| #endif
| #if HAVE_INTTYPES_H
| # include <inttypes.h>
| #else
| # if HAVE_STDINT_H
| #  include <stdint.h>
| # endif
| #endif
| #if HAVE_UNISTD_H
| # include <unistd.h>
| #endif
| #include <malloc.h>
configure:5766: result: no
configure:5770: checking malloc.h presence
configure:5780: gcc -E  conftest.c
conftest.c:25:20: error: malloc.h: No such file or directory
configure:5786: $? = 1
configure: failed program was:
| /* confdefs.h.  */
| 
| #define PACKAGE_NAME "libAfterImage"
| #define PACKAGE_TARNAME "libAfterImage.tar"
| #define PACKAGE_VERSION "1.20"
| #define PACKAGE_STRING "libAfterImage 1.20"
| #define PACKAGE_BUGREPORT "as-bugs@afterstep.org"
| #define HAVE_MMX 1
| #define X_DISPLAY_MISSING 1
| #define STDC_HEADERS 1
| #define HAVE_SYS_TYPES_H 1
| #define HAVE_SYS_STAT_H 1
| #define HAVE_STDLIB_H 1
| #define HAVE_STRING_H 1
| #define HAVE_MEMORY_H 1
| #define HAVE_STRINGS_H 1
| #define HAVE_INTTYPES_H 1
| #define HAVE_STDINT_H 1
| #define HAVE_UNISTD_H 1
| #define HAVE_LONG_LONG 1
| #define TIME_WITH_SYS_TIME 1
| #define HAVE_SYS_WAIT_H 1
| #define HAVE_SYS_TIME_H 1
| /* end confdefs.h.  */
| #include <malloc.h>
configure:5806: result: no
configure:5841: checking for malloc.h
configure:5848: result: no
configure:5717: checking for stdlib.h
configure:5722: result: yes
configure:5717: checking for unistd.h
configure:5722: result: yes
configure:5726: checking stddef.h usability
configure:5738: gcc -c -O3 -DNO_DEBUG_OUTPUT -fPIC -Wall  conftest.c >&5
configure:5744: $? = 0
configure:5747: test -z 			 || test ! -s conftest.err
configure:5750: $? = 0
configure:5753: test -s conftest.o
configure:5756: $? = 0
configure:5766: result: yes
configure:5770: checking stddef.h presence
configure:5780: gcc -E  conftest.c
configure:5786: $? = 0
configure:5806: result: yes
configure:5841: checking for stddef.h
configure:5848: result: yes
configure:5726: checking stdarg.h usability
configure:5738: gcc -c -O3 -DNO_DEBUG_OUTPUT -fPIC -Wall  conftest.c >&5
configure:5744: $? = 0
configure:5747: test -z 			 || test ! -s conftest.err
configure:5750: $? = 0
configure:5753: test -s conftest.o
configure:5756: $? = 0
configure:5766: result: yes
configure:5770: checking stdarg.h presence
configure:5780: gcc -E  conftest.c
configure:5786: $? = 0
configure:5806: result: yes
configure:5841: checking for stdarg.h
configure:5848: result: yes
configure:5726: checking errno.h usability
configure:5738: gcc -c -O3 -DNO_DEBUG_OUTPUT -fPIC -Wall  conftest.c >&5
configure:5744: $? = 0
configure:5747: test -z 			 || test ! -s conftest.err
configure:5750: $? = 0
configure:5753: test -s conftest.o
configure:5756: $? = 0
configure:5766: result: yes
configure:5770: checking errno.h presence
configure:5780: gcc -E  conftest.c
configure:5786: $? = 0
configure:5806: result: yes
configure:5841: checking for errno.h
configure:5848: result: yes
configure:6234: checking for XShapeCombineMask in -lXext
configure:6264: gcc -o conftest -O3 -DNO_DEBUG_OUTPUT -fPIC -Wall   conftest.c -lXext   >&5
ld: library not found for -lXext
collect2: ld returned 1 exit status
configure:6270: $? = 1
configure: failed program was:
| /* confdefs.h.  */
| 
| #define PACKAGE_NAME "libAfterImage"
| #define PACKAGE_TARNAME "libAfterImage.tar"
| #define PACKAGE_VERSION "1.20"
| #define PACKAGE_STRING "libAfterImage 1.20"
| #define PACKAGE_BUGREPORT "as-bugs@afterstep.org"
| #define HAVE_MMX 1
| #define X_DISPLAY_MISSING 1
| #define STDC_HEADERS 1
| #define HAVE_SYS_TYPES_H 1
| #define HAVE_SYS_STAT_H 1
| #define HAVE_STDLIB_H 1
| #define HAVE_STRING_H 1
| #define HAVE_MEMORY_H 1
| #define HAVE_STRINGS_H 1
| #define HAVE_INTTYPES_H 1
| #define HAVE_STDINT_H 1
| #define HAVE_UNISTD_H 1
| #define HAVE_LONG_LONG 1
| #define TIME_WITH_SYS_TIME 1
| #define HAVE_SYS_WAIT_H 1
| #define HAVE_SYS_TIME_H 1
| #define HAVE_STDLIB_H 1
| #define HAVE_UNISTD_H 1
| #define HAVE_STDDEF_H 1
| #define HAVE_STDARG_H 1
| #define HAVE_ERRNO_H 1
| /* end confdefs.h.  */
| 
| /* Override any gcc2 internal prototype to avoid an error.  */
| #ifdef __cplusplus
| extern "C"
| #endif
| /* We use char because int might match the return type of a gcc2
|    builtin and then its argument prototype would still apply.  */
| char XShapeCombineMask ();
| int
| main ()
| {
| XShapeCombineMask ();
|   ;
|   return 0;
| }
configure:6295: result: no
configure:6746: checking jpeglib.h usability
configure:6758: gcc -c -O3 -DNO_DEBUG_OUTPUT -fPIC -Wall  conftest.c >&5
conftest.c:65:21: error: jpeglib.h: No such file or directory
configure:6764: $? = 1
configure: failed program was:
| /* confdefs.h.  */
| 
| #define PACKAGE_NAME "libAfterImage"
| #define PACKAGE_TARNAME "libAfterImage.tar"
| #define PACKAGE_VERSION "1.20"
| #define PACKAGE_STRING "libAfterImage 1.20"
| #define PACKAGE_BUGREPORT "as-bugs@afterstep.org"
| #define HAVE_MMX 1
| #define X_DISPLAY_MISSING 1
| #define STDC_HEADERS 1
| #define HAVE_SYS_TYPES_H 1
| #define HAVE_SYS_STAT_H 1
| #define HAVE_STDLIB_H 1
| #define HAVE_STRING_H 1
| #define HAVE_MEMORY_H 1
| #define HAVE_STRINGS_H 1
| #define HAVE_INTTYPES_H 1
| #define HAVE_STDINT_H 1
| #define HAVE_UNISTD_H 1
| #define HAVE_LONG_LONG 1
| #define TIME_WITH_SYS_TIME 1
| #define HAVE_SYS_WAIT_H 1
| #define HAVE_SYS_TIME_H 1
| #define HAVE_STDLIB_H 1
| #define HAVE_UNISTD_H 1
| #define HAVE_STDDEF_H 1
| #define HAVE_STDARG_H 1
| #define HAVE_ERRNO_H 1
| #define HAVE_XPM 1
| /* end confdefs.h.  */
| #include <stdio.h>
| #if HAVE_SYS_TYPES_H
| # include <sys/types.h>
| #endif
| #if HAVE_SYS_STAT_H
| # include <sys/stat.h>
| #endif
| #if STDC_HEADERS
| # include <stdlib.h>
| # include <stddef.h>
| #else
| # if HAVE_STDLIB_H
| #  include <stdlib.h>
| # endif
| #endif
| #if HAVE_STRING_H
| # if !STDC_HEADERS && HAVE_MEMORY_H
| #  include <memory.h>
| # endif
| # include <string.h>
| #endif
| #if HAVE_STRINGS_H
| # include <strings.h>
| #endif
| #if HAVE_INTTYPES_H
| # include <inttypes.h>
| #else
| # if HAVE_STDINT_H
| #  include <stdint.h>
| # endif
| #endif
| #if HAVE_UNISTD_H
| # include <unistd.h>
| #endif
| #include <jpeglib.h>
configure:6786: result: no
configure:6790: checking jpeglib.h presence
configure:6800: gcc -E  conftest.c
conftest.c:31:21: error: jpeglib.h: No such file or directory
configure:6806: $? = 1
configure: failed program was:
| /* confdefs.h.  */
| 
| #define PACKAGE_NAME "libAfterImage"
| #define PACKAGE_TARNAME "libAfterImage.tar"
| #define PACKAGE_VERSION "1.20"
| #define PACKAGE_STRING "libAfterImage 1.20"
| #define PACKAGE_BUGREPORT "as-bugs@afterstep.org"
| #define HAVE_MMX 1
| #define X_DISPLAY_MISSING 1
| #define STDC_HEADERS 1
| #define HAVE_SYS_TYPES_H 1
| #define HAVE_SYS_STAT_H 1
| #define HAVE_STDLIB_H 1
| #define HAVE_STRING_H 1
| #define HAVE_MEMORY_H 1
| #define HAVE_STRINGS_H 1
| #define HAVE_INTTYPES_H 1
| #define HAVE_STDINT_H 1
| #define HAVE_UNISTD_H 1
| #define HAVE_LONG_LONG 1
| #define TIME_WITH_SYS_TIME 1
| #define HAVE_SYS_WAIT_H 1
| #define HAVE_SYS_TIME_H 1
| #define HAVE_STDLIB_H 1
| #define HAVE_UNISTD_H 1
| #define HAVE_STDDEF_H 1
| #define HAVE_STDARG_H 1
| #define HAVE_ERRNO_H 1
| #define HAVE_XPM 1
| /* end confdefs.h.  */
| #include <jpeglib.h>
configure:6826: result: no
configure:6861: checking for jpeglib.h
configure:6868: result: no
configure:6886: checking built-in JPEG library
configure:6900: result: yes
configure:6916: checking for unsigned char
configure:6940: gcc -c -O3 -DNO_DEBUG_OUTPUT -fPIC -Wall  conftest.c >&5
configure:6946: $? = 0
configure:6949: test -z 			 || test ! -s conftest.err
configure:6952: $? = 0
configure:6955: test -s conftest.o
configure:6958: $? = 0
configure:6969: result: yes
configure:6972: checking for unsigned short
configure:6996: gcc -c -O3 -DNO_DEBUG_OUTPUT -fPIC -Wall  conftest.c >&5
configure:7002: $? = 0
configure:7005: test -z 			 || test ! -s conftest.err
configure:7008: $? = 0
configure:7011: test -s conftest.o
configure:7014: $? = 0
configure:7025: result: yes
configure:7028: checking for an ANSI C-conforming const
configure:7095: gcc -c -O3 -DNO_DEBUG_OUTPUT -fPIC -Wall  conftest.c >&5
conftest.c: In function 'main':
conftest.c:61: warning: unused variable 's'
conftest.c:81: warning: unused variable 'foo'
conftest.c:48: warning: unused variable 'zero'
conftest.c:42: warning: unused variable 'x'
configure:7101: $? = 0
configure:7104: test -z 			 || test ! -s conftest.err
configure:7107: $? = 0
configure:7110: test -s conftest.o
configure:7113: $? = 0
configure:7124: result: yes
configure:7135: checking whether char is unsigned
configure:7158: gcc -c -O3 -DNO_DEBUG_OUTPUT -fPIC -Wall  conftest.c >&5
configure:7164: $? = 0
configure:7167: test -z 			 || test ! -s conftest.err
configure:7170: $? = 0
configure:7173: test -s conftest.o
configure:7176: $? = 0
configure:7187: result: no
configure:7226: checking png.h usability
configure:7238: gcc -c -O3 -DNO_DEBUG_OUTPUT -fPIC -Wall  conftest.c >&5
conftest.c:68:17: error: png.h: No such file or directory
configure:7244: $? = 1
configure: failed program was:
| /* confdefs.h.  */
| 
| #define PACKAGE_NAME "libAfterImage"
| #define PACKAGE_TARNAME "libAfterImage.tar"
| #define PACKAGE_VERSION "1.20"
| #define PACKAGE_STRING "libAfterImage 1.20"
| #define PACKAGE_BUGREPORT "as-bugs@afterstep.org"
| #define HAVE_MMX 1
| #define X_DISPLAY_MISSING 1
| #define STDC_HEADERS 1
| #define HAVE_SYS_TYPES_H 1
| #define HAVE_SYS_STAT_H 1
| #define HAVE_STDLIB_H 1
| #define HAVE_STRING_H 1
| #define HAVE_MEMORY_H 1
| #define HAVE_STRINGS_H 1
| #define HAVE_INTTYPES_H 1
| #define HAVE_STDINT_H 1
| #define HAVE_UNISTD_H 1
| #define HAVE_LONG_LONG 1
| #define TIME_WITH_SYS_TIME 1
| #define HAVE_SYS_WAIT_H 1
| #define HAVE_SYS_TIME_H 1
| #define HAVE_STDLIB_H 1
| #define HAVE_UNISTD_H 1
| #define HAVE_STDDEF_H 1
| #define HAVE_STDARG_H 1
| #define HAVE_ERRNO_H 1
| #define HAVE_XPM 1
| #define HAVE_JPEG 1
| #define HAVE_BUILTIN_JPEG 1
| #define HAVE_PROTOTYPES 1
| /* end confdefs.h.  */
| #include <stdio.h>
| #if HAVE_SYS_TYPES_H
| # include <sys/types.h>
| #endif
| #if HAVE_SYS_STAT_H
| # include <sys/stat.h>
| #endif
| #if STDC_HEADERS
| # include <stdlib.h>
| # include <stddef.h>
| #else
| # if HAVE_STDLIB_H
| #  include <stdlib.h>
| # endif
| #endif
| #if HAVE_STRING_H
| # if !STDC_HEADERS && HAVE_MEMORY_H
| #  include <memory.h>
| # endif
| # include <string.h>
| #endif
| #if HAVE_STRINGS_H
| # include <strings.h>
| #endif
| #if HAVE_INTTYPES_H
| # include <inttypes.h>
| #else
| # if HAVE_STDINT_H
| #  include <stdint.h>
| # endif
| #endif
| #if HAVE_UNISTD_H
| # include <unistd.h>
| #endif
| #include <png.h>
configure:7266: result: no
configure:7270: checking png.h presence
configure:7280: gcc -E  conftest.c
conftest.c:34:17: error: png.h: No such file or directory
configure:7286: $? = 1
configure: failed program was:
| /* confdefs.h.  */
| 
| #define PACKAGE_NAME "libAfterImage"
| #define PACKAGE_TARNAME "libAfterImage.tar"
| #define PACKAGE_VERSION "1.20"
| #define PACKAGE_STRING "libAfterImage 1.20"
| #define PACKAGE_BUGREPORT "as-bugs@afterstep.org"
| #define HAVE_MMX 1
| #define X_DISPLAY_MISSING 1
| #define STDC_HEADERS 1
| #define HAVE_SYS_TYPES_H 1
| #define HAVE_SYS_STAT_H 1
| #define HAVE_STDLIB_H 1
| #define HAVE_STRING_H 1
| #define HAVE_MEMORY_H 1
| #define HAVE_STRINGS_H 1
| #define HAVE_INTTYPES_H 1
| #define HAVE_STDINT_H 1
| #define HAVE_UNISTD_H 1
| #define HAVE_LONG_LONG 1
| #define TIME_WITH_SYS_TIME 1
| #define HAVE_SYS_WAIT_H 1
| #define HAVE_SYS_TIME_H 1
| #define HAVE_STDLIB_H 1
| #define HAVE_UNISTD_H 1
| #define HAVE_STDDEF_H 1
| #define HAVE_STDARG_H 1
| #define HAVE_ERRNO_H 1
| #define HAVE_XPM 1
| #define HAVE_JPEG 1
| #define HAVE_BUILTIN_JPEG 1
| #define HAVE_PROTOTYPES 1
| /* end confdefs.h.  */
| #include <png.h>
configure:7306: result: no
configure:7341: checking for png.h
configure:7348: result: no
configure:7373: checking zlib.h usability
configure:7385: gcc -c -O3 -DNO_DEBUG_OUTPUT -fPIC -Wall  conftest.c >&5
configure:7391: $? = 0
configure:7394: test -z 			 || test ! -s conftest.err
configure:7397: $? = 0
configure:7400: test -s conftest.o
configure:7403: $? = 0
configure:7413: result: yes
configure:7417: checking zlib.h presence
configure:7427: gcc -E  conftest.c
configure:7433: $? = 0
configure:7453: result: yes
configure:7488: checking for zlib.h
configure:7495: result: yes
configure:7543: checking built-in PNG library
configure:7557: result: yes
configure:7749: checking using built-in UNGIF library
configure:7763: result: yes
configure:7794: checking tiffio.h usability
configure:7806: gcc -c -O3 -DNO_DEBUG_OUTPUT -fPIC -Wall  conftest.c >&5
conftest.c:73:20: error: tiffio.h: No such file or directory
configure:7812: $? = 1
configure: failed program was:
| /* confdefs.h.  */
| 
| #define PACKAGE_NAME "libAfterImage"
| #define PACKAGE_TARNAME "libAfterImage.tar"
| #define PACKAGE_VERSION "1.20"
| #define PACKAGE_STRING "libAfterImage 1.20"
| #define PACKAGE_BUGREPORT "as-bugs@afterstep.org"
| #define HAVE_MMX 1
| #define X_DISPLAY_MISSING 1
| #define STDC_HEADERS 1
| #define HAVE_SYS_TYPES_H 1
| #define HAVE_SYS_STAT_H 1
| #define HAVE_STDLIB_H 1
| #define HAVE_STRING_H 1
| #define HAVE_MEMORY_H 1
| #define HAVE_STRINGS_H 1
| #define HAVE_INTTYPES_H 1
| #define HAVE_STDINT_H 1
| #define HAVE_UNISTD_H 1
| #define HAVE_LONG_LONG 1
| #define TIME_WITH_SYS_TIME 1
| #define HAVE_SYS_WAIT_H 1
| #define HAVE_SYS_TIME_H 1
| #define HAVE_STDLIB_H 1
| #define HAVE_UNISTD_H 1
| #define HAVE_STDDEF_H 1
| #define HAVE_STDARG_H 1
| #define HAVE_ERRNO_H 1
| #define HAVE_XPM 1
| #define HAVE_JPEG 1
| #define HAVE_BUILTIN_JPEG 1
| #define HAVE_PROTOTYPES 1
| #define HAVE_ZLIB_H 1
| #define HAVE_PNG 1
| #define HAVE_BUILTIN_PNG 1
| #define HAVE_GIF 1
| #define HAVE_BUILTIN_UNGIF 1
| /* end confdefs.h.  */
| #include <stdio.h>
| #if HAVE_SYS_TYPES_H
| # include <sys/types.h>
| #endif
| #if HAVE_SYS_STAT_H
| # include <sys/stat.h>
| #endif
| #if STDC_HEADERS
| # include <stdlib.h>
| # include <stddef.h>
| #else
| # if HAVE_STDLIB_H
| #  include <stdlib.h>
| # endif
| #endif
| #if HAVE_STRING_H
| # if !STDC_HEADERS && HAVE_MEMORY_H
| #  include <memory.h>
| # endif
| # include <string.h>
| #endif
| #if HAVE_STRINGS_H
| # include <strings.h>
| #endif
| #if HAVE_INTTYPES_H
| # include <inttypes.h>
| #else
| # if HAVE_STDINT_H
| #  include <stdint.h>
| # endif
| #endif
| #if HAVE_UNISTD_H
| # include <unistd.h>
| #endif
| #include <tiffio.h>
configure:7834: result: no
configure:7838: checking tiffio.h presence
configure:7848: gcc -E  conftest.c
conftest.c:39:20: error: tiffio.h: No such file or directory
configure:7854: $? = 1
configure: failed program was:
| /* confdefs.h.  */
| 
| #define PACKAGE_NAME "libAfterImage"
| #define PACKAGE_TARNAME "libAfterImage.tar"
| #define PACKAGE_VERSION "1.20"
| #define PACKAGE_STRING "libAfterImage 1.20"
| #define PACKAGE_BUGREPORT "as-bugs@afterstep.org"
| #define HAVE_MMX 1
| #define X_DISPLAY_MISSING 1
| #define STDC_HEADERS 1
| #define HAVE_SYS_TYPES_H 1
| #define HAVE_SYS_STAT_H 1
| #define HAVE_STDLIB_H 1
| #define HAVE_STRING_H 1
| #define HAVE_MEMORY_H 1
| #define HAVE_STRINGS_H 1
| #define HAVE_INTTYPES_H 1
| #define HAVE_STDINT_H 1
| #define HAVE_UNISTD_H 1
| #define HAVE_LONG_LONG 1
| #define TIME_WITH_SYS_TIME 1
| #define HAVE_SYS_WAIT_H 1
| #define HAVE_SYS_TIME_H 1
| #define HAVE_STDLIB_H 1
| #define HAVE_UNISTD_H 1
| #define HAVE_STDDEF_H 1
| #define HAVE_STDARG_H 1
| #define HAVE_ERRNO_H 1
| #define HAVE_XPM 1
| #define HAVE_JPEG 1
| #define HAVE_BUILTIN_JPEG 1
| #define HAVE_PROTOTYPES 1
| #define HAVE_ZLIB_H 1
| #define HAVE_PNG 1
| #define HAVE_BUILTIN_PNG 1
| #define HAVE_GIF 1
| #define HAVE_BUILTIN_UNGIF 1
| /* end confdefs.h.  */
| #include <tiffio.h>
configure:7874: result: no
configure:7909: checking for tiffio.h
configure:7916: result: no
configure:7946: checking for pkg-config
configure:7964: found /opt/local/bin/pkg-config
configure:7977: result: /opt/local/bin/pkg-config
configure:8088: checking pkg-config is at least version 0.9.0
configure:8091: result: yes
configure:8102: checking for SVG
configure:8110: $PKG_CONFIG --exists --print-errors "$pkg_modules"
Package librsvg-2.0 was not found in the pkg-config search path.
Perhaps you should add the directory containing `librsvg-2.0.pc'
to the PKG_CONFIG_PATH environment variable
No package 'librsvg-2.0' found
configure:8113: $? = 1
configure:8128: $PKG_CONFIG --exists --print-errors "$pkg_modules"
Package librsvg-2.0 was not found in the pkg-config search path.
Perhaps you should add the directory containing `librsvg-2.0.pc'
to the PKG_CONFIG_PATH environment variable
No package 'librsvg-2.0' found
configure:8131: $? = 1
No package 'librsvg-2.0' found
configure:8192: checking headers required by TTF support
configure:8210: result:  -I/opt/local/include/freetype2 -I/opt/local/include
configure:8231: checking ft2build.h usability
configure:8243: gcc -c -O3 -DNO_DEBUG_OUTPUT -fPIC -Wall  -I/opt/local/include/freetype2 -I/opt/local/include         -I/opt/local/include/freetype2 -I/opt/local/include  conftest.c >&5
configure:8249: $? = 0
configure:8252: test -z 			 || test ! -s conftest.err
configure:8255: $? = 0
configure:8258: test -s conftest.o
configure:8261: $? = 0
configure:8271: result: yes
configure:8275: checking ft2build.h presence
configure:8285: gcc -E  -I/opt/local/include/freetype2 -I/opt/local/include  conftest.c
configure:8291: $? = 0
configure:8311: result: yes
configure:8346: checking for ft2build.h
configure:8353: result: yes
configure:8366: checking freetype/freetype.h 
In file included from conftest.c:40:
/opt/local/include/freetype2/freetype/freetype.h:24:2: error: #error "`ft2build.h' hasn't been included yet!"
/opt/local/include/freetype2/freetype/freetype.h:25:2: error: #error "Please always use macros to include FreeType header files."
/opt/local/include/freetype2/freetype/freetype.h:26:2: error: #error "Example:"
/opt/local/include/freetype2/freetype/freetype.h:27:2: error: #error "  #include <ft2build.h>"
/opt/local/include/freetype2/freetype/freetype.h:28:2: error: #error "  #include FT_FREETYPE_H"
configure:8510: gcc -o conftest -O3 -DNO_DEBUG_OUTPUT -fPIC -Wall  -I/opt/local/include/freetype2 -I/opt/local/include         -I/opt/local/include/freetype2 -I/opt/local/include   conftest.c  >&5
conftest.c: In function 'main':
conftest.c:42: warning: unused variable 'f'
configure:8513: $? = 0
configure:8515: ./conftest
configure:8518: $? = 0
configure:8587: result: yes
configure:8625: checking libAfterBase headers in ../libAfterBase
configure:8634: result: no
configure:8646: checking libAfterBase/astypes.h usability
configure:8658: gcc -c -O3 -DNO_DEBUG_OUTPUT -fPIC -Wall  conftest.c >&5
conftest.c:76:34: error: libAfterBase/astypes.h: No such file or directory
configure:8664: $? = 1
configure: failed program was:
| /* confdefs.h.  */
| 
| #define PACKAGE_NAME "libAfterImage"
| #define PACKAGE_TARNAME "libAfterImage.tar"
| #define PACKAGE_VERSION "1.20"
| #define PACKAGE_STRING "libAfterImage 1.20"
| #define PACKAGE_BUGREPORT "as-bugs@afterstep.org"
| #define HAVE_MMX 1
| #define X_DISPLAY_MISSING 1
| #define STDC_HEADERS 1
| #define HAVE_SYS_TYPES_H 1
| #define HAVE_SYS_STAT_H 1
| #define HAVE_STDLIB_H 1
| #define HAVE_STRING_H 1
| #define HAVE_MEMORY_H 1
| #define HAVE_STRINGS_H 1
| #define HAVE_INTTYPES_H 1
| #define HAVE_STDINT_H 1
| #define HAVE_UNISTD_H 1
| #define HAVE_LONG_LONG 1
| #define TIME_WITH_SYS_TIME 1
| #define HAVE_SYS_WAIT_H 1
| #define HAVE_SYS_TIME_H 1
| #define HAVE_STDLIB_H 1
| #define HAVE_UNISTD_H 1
| #define HAVE_STDDEF_H 1
| #define HAVE_STDARG_H 1
| #define HAVE_ERRNO_H 1
| #define HAVE_XPM 1
| #define HAVE_JPEG 1
| #define HAVE_BUILTIN_JPEG 1
| #define HAVE_PROTOTYPES 1
| #define HAVE_ZLIB_H 1
| #define HAVE_PNG 1
| #define HAVE_BUILTIN_PNG 1
| #define HAVE_GIF 1
| #define HAVE_BUILTIN_UNGIF 1
| #define HAVE_FT2BUILD_H 1
| #define HAVE_FREETYPE 1
| #define HAVE_FREETYPE_FREETYPE 1
| /* end confdefs.h.  */
| #include <stdio.h>
| #if HAVE_SYS_TYPES_H
| # include <sys/types.h>
| #endif
| #if HAVE_SYS_STAT_H
| # include <sys/stat.h>
| #endif
| #if STDC_HEADERS
| # include <stdlib.h>
| # include <stddef.h>
| #else
| # if HAVE_STDLIB_H
| #  include <stdlib.h>
| # endif
| #endif
| #if HAVE_STRING_H
| # if !STDC_HEADERS && HAVE_MEMORY_H
| #  include <memory.h>
| # endif
| # include <string.h>
| #endif
| #if HAVE_STRINGS_H
| # include <strings.h>
| #endif
| #if HAVE_INTTYPES_H
| # include <inttypes.h>
| #else
| # if HAVE_STDINT_H
| #  include <stdint.h>
| # endif
| #endif
| #if HAVE_UNISTD_H
| # include <unistd.h>
| #endif
| #include <libAfterBase/astypes.h>
configure:8686: result: no
configure:8690: checking libAfterBase/astypes.h presence
configure:8700: gcc -E  conftest.c
conftest.c:42:34: error: libAfterBase/astypes.h: No such file or directory
configure:8706: $? = 1
configure: failed program was:
| /* confdefs.h.  */
| 
| #define PACKAGE_NAME "libAfterImage"
| #define PACKAGE_TARNAME "libAfterImage.tar"
| #define PACKAGE_VERSION "1.20"
| #define PACKAGE_STRING "libAfterImage 1.20"
| #define PACKAGE_BUGREPORT "as-bugs@afterstep.org"
| #define HAVE_MMX 1
| #define X_DISPLAY_MISSING 1
| #define STDC_HEADERS 1
| #define HAVE_SYS_TYPES_H 1
| #define HAVE_SYS_STAT_H 1
| #define HAVE_STDLIB_H 1
| #define HAVE_STRING_H 1
| #define HAVE_MEMORY_H 1
| #define HAVE_STRINGS_H 1
| #define HAVE_INTTYPES_H 1
| #define HAVE_STDINT_H 1
| #define HAVE_UNISTD_H 1
| #define HAVE_LONG_LONG 1
| #define TIME_WITH_SYS_TIME 1
| #define HAVE_SYS_WAIT_H 1
| #define HAVE_SYS_TIME_H 1
| #define HAVE_STDLIB_H 1
| #define HAVE_UNISTD_H 1
| #define HAVE_STDDEF_H 1
| #define HAVE_STDARG_H 1
| #define HAVE_ERRNO_H 1
| #define HAVE_XPM 1
| #define HAVE_JPEG 1
| #define HAVE_BUILTIN_JPEG 1
| #define HAVE_PROTOTYPES 1
| #define HAVE_ZLIB_H 1
| #define HAVE_PNG 1
| #define HAVE_BUILTIN_PNG 1
| #define HAVE_GIF 1
| #define HAVE_BUILTIN_UNGIF 1
| #define HAVE_FT2BUILD_H 1
| #define HAVE_FREETYPE 1
| #define HAVE_FREETYPE_FREETYPE 1
| /* end confdefs.h.  */
| #include <libAfterBase/astypes.h>
configure:8726: result: no
configure:8761: checking for libAfterBase/astypes.h
configure:8768: result: no
configure:8833: checking for dirent.h that defines DIR
configure:8857: gcc -c -O3 -DNO_DEBUG_OUTPUT -fPIC -Wall  conftest.c >&5
configure:8863: $? = 0
configure:8866: test -z 			 || test ! -s conftest.err
configure:8869: $? = 0
configure:8872: test -s conftest.o
configure:8875: $? = 0
configure:8886: result: yes
configure:8899: checking for library containing opendir
configure:8929: gcc -o conftest -O3 -DNO_DEBUG_OUTPUT -fPIC -Wall   conftest.c  >&5
configure:8935: $? = 0
configure:8938: test -z 			 || test ! -s conftest.err
configure:8941: $? = 0
configure:8944: test -s conftest
configure:8947: $? = 0
configure:9016: result: none required
configure:9164: checking sys/dirent.h usability
configure:9176: gcc -c -O3 -DNO_DEBUG_OUTPUT -fPIC -Wall  conftest.c >&5
configure:9182: $? = 0
configure:9185: test -z 			 || test ! -s conftest.err
configure:9188: $? = 0
configure:9191: test -s conftest.o
configure:9194: $? = 0
configure:9204: result: yes
configure:9208: checking sys/dirent.h presence
configure:9218: gcc -E  conftest.c
configure:9224: $? = 0
configure:9244: result: yes
configure:9279: checking for sys/dirent.h
configure:9286: result: yes
configure:9487: creating ./config.status

## ---------------------- ##
## Running config.status. ##
## ---------------------- ##

This file was extended by libAfterImage config.status 1.20, which was
generated by GNU Autoconf 2.59.  Invocation command line was

  CONFIG_FILES    = 
  CONFIG_HEADERS  = 
  CONFIG_LINKS    = 
  CONFIG_COMMANDS = 
  $ ./config.status 

on DoesntThinkPad.local

config.status:765: creating apps/Makefile
config.status:765: creating aftershow/Makefile
config.status:765: creating Makefile
config.status:765: creating afterbase.h
config.status:765: creating afterimage-libs
config.status:765: creating afterimage-config
config.status:831: creating config.h

## ---------------- ##
## Cache variables. ##
## ---------------- ##

ac_cv_build=i686-apple-darwin10.7.0
ac_cv_build_alias=i686-apple-darwin10.7.0
ac_cv_c_bigendian=no
ac_cv_c_char_unsigned=no
ac_cv_c_compiler_gnu=yes
ac_cv_c_const=yes
ac_cv_c_inline=inline
ac_cv_env_CC_set=
ac_cv_env_CC_value=
ac_cv_env_CFLAGS_set=
ac_cv_env_CFLAGS_value=
ac_cv_env_CPPFLAGS_set=
ac_cv_env_CPPFLAGS_value=
ac_cv_env_CPP_set=
ac_cv_env_CPP_value=
ac_cv_env_LDFLAGS_set=
ac_cv_env_LDFLAGS_value=
ac_cv_env_PKG_CONFIG_set=
ac_cv_env_PKG_CONFIG_value=
ac_cv_env_SVG_CFLAGS_set=
ac_cv_env_SVG_CFLAGS_value=
ac_cv_env_SVG_LIBS_set=
ac_cv_env_SVG_LIBS_value=
ac_cv_env_build_alias_set=
ac_cv_env_build_alias_value=
ac_cv_env_host_alias_set=
ac_cv_env_host_alias_value=
ac_cv_env_target_alias_set=
ac_cv_env_target_alias_value=
ac_cv_exeext=
ac_cv_have_x=have_x=no
ac_cv_header_dirent_dirent_h=yes
ac_cv_header_errno_h=yes
ac_cv_header_ft2build_h=yes
ac_cv_header_inttypes_h=yes
ac_cv_header_jpeglib_h=no
ac_cv_header_libAfterBase_astypes_h=no
ac_cv_header_malloc_h=no
ac_cv_header_memory_h=yes
ac_cv_header_png_h=no
ac_cv_header_stdarg_h=yes
ac_cv_header_stdc=yes
ac_cv_header_stddef_h=yes
ac_cv_header_stdint_h=yes
ac_cv_header_stdlib_h=yes
ac_cv_header_string_h=yes
ac_cv_header_strings_h=yes
ac_cv_header_sys_dirent_h=yes
ac_cv_header_sys_stat_h=yes
ac_cv_header_sys_time_h=yes
ac_cv_header_sys_types_h=yes
ac_cv_header_sys_wait_h=yes
ac_cv_header_tiffio_h=no
ac_cv_header_time=yes
ac_cv_header_unistd_h=yes
ac_cv_header_zlib_h=yes
ac_cv_host=i686-apple-darwin10.7.0
ac_cv_host_alias=i686-apple-darwin10.7.0
ac_cv_lib_Xext_XShapeCombineMask=no
ac_cv_objext=o
ac_cv_path_CP=/bin/cp
ac_cv_path_FIND=/usr/bin/find
ac_cv_path_LDCONFIG=ldconfig
ac_cv_path_MKDIR=/bin/mkdir
ac_cv_path_MV=/bin/mv
ac_cv_path_PERL=/opt/local/bin/perl
ac_cv_path_PKG_CONFIG=/opt/local/bin/pkg-config
ac_cv_path_RM=/bin/rm
ac_cv_path_XARGS=/usr/bin/xargs
ac_cv_path_install='/usr/bin/install -c'
ac_cv_prog_CPP='gcc -E'
ac_cv_prog_ac_ct_CC=gcc
ac_cv_prog_ac_ct_RANLIB=ranlib
ac_cv_prog_cc_g=yes
ac_cv_prog_cc_stdc=
ac_cv_prog_egrep='grep -E'
ac_cv_search_opendir='none required'
ac_cv_target=i686-apple-darwin10.7.0
ac_cv_target_alias=i686-apple-darwin10.7.0
ac_cv_type_long_long=yes
ac_cv_type_unsigned_char=yes
ac_cv_type_unsigned_short=yes

## ----------------- ##
## Output variables. ##
## ----------------- ##

AFTERBASE_C='afterbase.o'
AFTERBASE_INCS_PATH=''
AFTERIMAGE_APPS_LIBS='-L../ -lAfterImage -L/opt/local/lib -lfreetype -lz -lbz2  -lz -lm'
AFTERIMAGE_LIBS='-L/usr/local/lib -lAfterImage  -L/opt/local/lib -lfreetype -lz -lbz2 -lz -lm'
AFTERIMAGE_LIBS_EXTERNAL='-L/opt/local/lib -lfreetype -lz -lbz2  -lz -lm'
AFTERIMAGE_LIB_LIBS='-L./ -L/opt/local/lib -lfreetype -lz -lbz2  -lz -lm'
AFTERIMAGE_TEST_LIBS='-L./ -lAfterImage -L/opt/local/lib -lfreetype -lz -lbz2  -lz -lm'
APPSDEPS='$(APPS_DEPS)'
CC='gcc'
CFLAGS='-O3 -DNO_DEBUG_OUTPUT -fPIC -Wall'
CP='/bin/cp'
CPP='gcc -E'
CPPFLAGS=''
DEFINE_XLOCALE=''
DEFS='-DHAVE_CONFIG_H'
ECHO_C='ECHO_N=''
ECHO_T=''
EGREP='grep -E'
EXEEXT=''
FIND='/usr/bin/find'
GIF_CFLAGS=''
HAVE_AFTERBASE_FLAG='0'
INSTALL='/usr/bin/install -c'
INSTALL_DATA='${INSTALL} -m 644'
INSTALL_LIB=''
INSTALL_PROGRAM='${INSTALL}'
INSTALL_SCRIPT='${INSTALL}'
JPEG_CFLAGS=''
JPEG_OBJS='$(LIBJPEG_OBJS)'
LDCONFIG='ldconfig'
LDFLAGS=''
LEX=''
LEXLIB=''
LIBINSTALL='install.static'
LIBOBJS=''
LIBPROG='$(LIB_STATIC)'
LIBS=''
LN_S='ln -s'
LTLIBOBJS=''
MKDIR='/bin/mkdir'
MMX_CFLAGS='-mmmx -Winline --param inline-unit-growth=10000 --param large-function-growth=10000'
MV='/bin/mv'
OBJEXT='o'
PACKAGE_BUGREPORT='as-bugs@afterstep.org'
PACKAGE_NAME='libAfterImage'
PACKAGE_STRING='libAfterImage 1.20'
PACKAGE_TARNAME='libAfterImage.tar'
PACKAGE_VERSION='1.20'
PATH_SEPARATOR=':'
PERL='/opt/local/bin/perl'
PKG_CONFIG='/opt/local/bin/pkg-config'
PNG_CFLAGS=''
PNG_OBJS='$(LIBPNG_OBJS)'
RANLIB='ranlib'
RM='/bin/rm'
SHELL='/bin/sh'
SVG_CFLAGS=''
SVG_LIBS=''
TIFF_CFLAGS=''
TTF_INCLUDES=' -I/opt/local/include/freetype2 -I/opt/local/include'
UNGIF_OBJS='$(LIBUNGIF_OBJS)'
USE_DEFAULT_AFTERBASE='0'
XARGS='/usr/bin/xargs'
XPM_CFLAGS=''
X_CFLAGS=''
X_EXTRA_LIBS=''
X_LIBS=''
X_PRE_LIBS=''
YACC=''
ZLIB_OBJS=''
ac_ct_CC='gcc'
ac_ct_RANLIB='ranlib'
ac_pt_PKG_CONFIG=''
afterimage_x_support='yes'
bindir='${exec_prefix}/bin'
build='i686-apple-darwin10.7.0'
build_alias=''
build_cpu='i686'
build_os='darwin10.7.0'
build_vendor='apple'
datadir='${prefix}/share'
exec_prefix='/usr/local'
have_afterbase='no'
host='i686-apple-darwin10.7.0'
host_alias=''
host_cpu='i686'
host_os='darwin10.7.0'
host_vendor='apple'
image_format='png'
includedir='/usr/local/include'
infodir='${prefix}/info'
lib_file_name='libAfterImage'
lib_name='LIBAFTERIMAGE'
libdir='/usr/local/lib'
libexecdir='${exec_prefix}/libexec'
localstatedir='${prefix}/var'
mandir='/usr/local/man'
oldincludedir='/usr/include'
prefix='/usr/local'
program_transform_name='s,x,x,'
sbindir='${exec_prefix}/sbin'
sharedstatedir='${prefix}/com'
sysconfdir='${prefix}/etc'
target='i686-apple-darwin10.7.0'
target_alias=''
target_cpu='i686'
target_os='darwin10.7.0'
target_vendor='apple'
user_ldflags=''
version='1.20'
version_major='1'
with_locale=''
x_libs=''

## ------------- ##
## Output files. ##
## ------------- ##

LIBAFTERIMAGEFILES='.shared'

## ----------- ##
## confdefs.h. ##
## ----------- ##

#define HAVE_BUILTIN_JPEG 1
#define HAVE_BUILTIN_PNG 1
#define HAVE_BUILTIN_UNGIF 1
#define HAVE_DIRENT_H 1
#define HAVE_ERRNO_H 1
#define HAVE_FREETYPE 1
#define HAVE_FREETYPE_FREETYPE 1
#define HAVE_FT2BUILD_H 1
#define HAVE_GIF 1
#define HAVE_INTTYPES_H 1
#define HAVE_JPEG 1
#define HAVE_LONG_LONG 1
#define HAVE_MEMORY_H 1
#define HAVE_MMX 1
#define HAVE_PNG 1
#define HAVE_PROTOTYPES 1
#define HAVE_STDARG_H 1
#define HAVE_STDDEF_H 1
#define HAVE_STDINT_H 1
#define HAVE_STDLIB_H 1
#define HAVE_STDLIB_H 1
#define HAVE_STRINGS_H 1
#define HAVE_STRING_H 1
#define HAVE_SYS_DIRENT_H 1
#define HAVE_SYS_STAT_H 1
#define HAVE_SYS_TIME_H 1
#define HAVE_SYS_TYPES_H 1
#define HAVE_SYS_WAIT_H 1
#define HAVE_UNISTD_H 1
#define HAVE_UNISTD_H 1
#define HAVE_XPM 1
#define HAVE_ZLIB_H 1
#define PACKAGE_BUGREPORT "as-bugs@afterstep.org"
#define PACKAGE_NAME "libAfterImage"
#define PACKAGE_STRING "libAfterImage 1.20"
#define PACKAGE_TARNAME "libAfterImage.tar"
#define PACKAGE_VERSION "1.20"
#define STDC_HEADERS 1
#define TIME_WITH_SYS_TIME 1
#define X_DISPLAY_MISSING 1

configure: exit 0
